0 info it worked if it ends with ok
1 verbose cli [ 'node', '/usr/local/bin/npm', 'install', 'db-mysql' ]
2 info using npm@1.2.11
3 info using node@v0.8.21
4 verbose read json /Users/appleo/Documents/web/book/package.json
5 warn package.json bookstore-nodejs@0.0.1 No README.md file found!
6 verbose read json /Users/appleo/Documents/web/book/node_modules/ejs/package.json
7 verbose read json /Users/appleo/Documents/web/book/node_modules/express/package.json
8 verbose read json /Users/appleo/Documents/web/book/node_modules/pg/package.json
9 verbose from cache /Users/appleo/Documents/web/book/package.json
10 verbose readDependencies using package.json deps
11 verbose cache add [ 'db-mysql', null ]
12 verbose cache add name=undefined spec="db-mysql" args=["db-mysql",null]
13 verbose parsed url { pathname: 'db-mysql', path: 'db-mysql', href: 'db-mysql' }
14 silly lockFile c75423d9-db-mysql db-mysql
15 verbose lock db-mysql /Users/appleo/.npm/c75423d9-db-mysql.lock
16 silly lockFile c75423d9-db-mysql db-mysql
17 silly lockFile c75423d9-db-mysql db-mysql
18 verbose addNamed [ 'db-mysql', '' ]
19 verbose addNamed [ null, '' ]
20 silly lockFile a4731413-db-mysql db-mysql@
21 verbose lock db-mysql@ /Users/appleo/.npm/a4731413-db-mysql.lock
22 silly addNameRange { name: 'db-mysql', range: '', hasData: false }
23 verbose url raw db-mysql
24 verbose url resolving [ 'https://registry.npmjs.org/', './db-mysql' ]
25 verbose url resolved https://registry.npmjs.org/db-mysql
26 info trying registry request attempt 1 at 10:58:32
27 http GET https://registry.npmjs.org/db-mysql
28 http 200 https://registry.npmjs.org/db-mysql
29 silly registry.get cb [ 200,
29 silly registry.get   { vary: 'Accept',
29 silly registry.get     server: 'CouchDB/1.2.1 (Erlang OTP/R15B03)',
29 silly registry.get     etag: '"6DQAC56ESDZBCUEX3NM5M7ZKU"',
29 silly registry.get     date: 'Sat, 23 Mar 2013 17:58:33 GMT',
29 silly registry.get     'content-type': 'application/json',
29 silly registry.get     'content-length': '58303' } ]
30 silly addNameRange number 2 { name: 'db-mysql', range: '', hasData: true }
31 silly addNameRange versions [ 'db-mysql',
31 silly addNameRange   [ '0.4.0',
31 silly addNameRange     '0.4.1',
31 silly addNameRange     '0.4.2',
31 silly addNameRange     '0.4.3',
31 silly addNameRange     '0.4.4',
31 silly addNameRange     '0.4.5',
31 silly addNameRange     '0.4.6',
31 silly addNameRange     '0.4.7',
31 silly addNameRange     '0.4.8',
31 silly addNameRange     '0.4.9',
31 silly addNameRange     '0.5.0',
31 silly addNameRange     '0.5.1',
31 silly addNameRange     '0.5.2',
31 silly addNameRange     '0.5.3',
31 silly addNameRange     '0.5.4',
31 silly addNameRange     '0.5.5',
31 silly addNameRange     '0.5.6',
31 silly addNameRange     '0.5.7',
31 silly addNameRange     '0.5.8',
31 silly addNameRange     '0.5.9',
31 silly addNameRange     '0.6.0',
31 silly addNameRange     '0.6.1',
31 silly addNameRange     '0.6.2',
31 silly addNameRange     '0.6.3',
31 silly addNameRange     '0.6.4',
31 silly addNameRange     '0.6.5',
31 silly addNameRange     '0.6.6',
31 silly addNameRange     '0.6.7',
31 silly addNameRange     '0.6.8',
31 silly addNameRange     '0.6.9',
31 silly addNameRange     '0.7.0',
31 silly addNameRange     '0.7.1',
31 silly addNameRange     '0.7.2',
31 silly addNameRange     '0.7.3',
31 silly addNameRange     '0.7.4',
31 silly addNameRange     '0.7.5',
31 silly addNameRange     '0.7.6' ] ]
32 verbose addNamed [ 'db-mysql', '0.7.6' ]
33 verbose addNamed [ '0.7.6', '0.7.6' ]
34 silly lockFile f70b617c-db-mysql-0-7-6 db-mysql@0.7.6
35 verbose lock db-mysql@0.7.6 /Users/appleo/.npm/f70b617c-db-mysql-0-7-6.lock
36 silly lockFile 46882c37--org-db-mysql-db-mysql-0-7-6-tgz https://registry.npmjs.org/db-mysql/-/db-mysql-0.7.6.tgz
37 verbose lock https://registry.npmjs.org/db-mysql/-/db-mysql-0.7.6.tgz /Users/appleo/.npm/46882c37--org-db-mysql-db-mysql-0-7-6-tgz.lock
38 verbose addRemoteTarball [ 'https://registry.npmjs.org/db-mysql/-/db-mysql-0.7.6.tgz',
38 verbose addRemoteTarball   'ff870557afb1ee4197712211d26b6a05394a7aeb' ]
39 info retry fetch attempt 1 at 10:58:34
40 verbose fetch to= /var/folders/zb/sv6gzxwd7sj4z5jgjdswgrnr0000gn/T/npm-13613/1364061514391-0.5321751530282199/tmp.tgz
41 http GET https://registry.npmjs.org/db-mysql/-/db-mysql-0.7.6.tgz
42 http 200 https://registry.npmjs.org/db-mysql/-/db-mysql-0.7.6.tgz
43 silly shasum updated bytes 40128
44 info shasum ff870557afb1ee4197712211d26b6a05394a7aeb
44 info shasum /var/folders/zb/sv6gzxwd7sj4z5jgjdswgrnr0000gn/T/npm-13613/1364061514391-0.5321751530282199/tmp.tgz
45 verbose tar unpack /var/folders/zb/sv6gzxwd7sj4z5jgjdswgrnr0000gn/T/npm-13613/1364061514391-0.5321751530282199/tmp.tgz
46 silly lockFile 5a8221d7-14391-0-5321751530282199-package /var/folders/zb/sv6gzxwd7sj4z5jgjdswgrnr0000gn/T/npm-13613/1364061514391-0.5321751530282199/package
47 verbose lock /var/folders/zb/sv6gzxwd7sj4z5jgjdswgrnr0000gn/T/npm-13613/1364061514391-0.5321751530282199/package /Users/appleo/.npm/5a8221d7-14391-0-5321751530282199-package.lock
48 silly lockFile 381793db-14391-0-5321751530282199-tmp-tgz /var/folders/zb/sv6gzxwd7sj4z5jgjdswgrnr0000gn/T/npm-13613/1364061514391-0.5321751530282199/tmp.tgz
49 verbose lock /var/folders/zb/sv6gzxwd7sj4z5jgjdswgrnr0000gn/T/npm-13613/1364061514391-0.5321751530282199/tmp.tgz /Users/appleo/.npm/381793db-14391-0-5321751530282199-tmp-tgz.lock
50 silly gunzTarPerm modes [ '755', '644' ]
51 silly gunzTarPerm extractEntry mysql-test-sync.js
52 silly gunzTarPerm extractEntry mysql-test-insert.js
53 silly gunzTarPerm extractEntry mysql-test-manual-query.js
54 silly gunzTarPerm extractEntry README.md
55 silly gunzTarPerm extractEntry tests.js
56 silly gunzTarPerm extractEntry mysql-test-placeholder.js
57 silly gunzTarPerm extractEntry mysql-test-no-connection.js
58 silly gunzTarPerm extractEntry .gitignore
59 silly gunzTarPerm extractEntry wscript
60 silly gunzTarPerm extractEntry CHANGELOG
61 silly gunzTarPerm extractEntry .gitmodules
62 silly gunzTarPerm extractEntry t.js
63 silly gunzTarPerm extractEntry mysql-test-long.js
64 silly gunzTarPerm extractEntry mysql-test.js
65 silly gunzTarPerm extractEntry .npmignore
66 silly gunzTarPerm extractEntry db-mysql.js
67 silly gunzTarPerm extractEntry mysql-test-long-number.js
68 silly gunzTarPerm extractEntry package.json
69 silly gunzTarPerm extractEntry tests-settings.json
70 silly gunzTarPerm extractEntry tests-db.js
71 silly gunzTarPerm extractEntry mysql-test-sync-update.js
72 silly gunzTarPerm extractEntry mysql-test-async.js
73 silly gunzTarPerm extractEntry src/mysql.cc
74 silly gunzTarPerm extractEntry src/result.h
75 silly gunzTarPerm extractEntry src/query.cc
76 silly gunzTarPerm extractEntry src/mysql_bindings.cc
77 silly gunzTarPerm extractEntry src/connection.cc
78 silly gunzTarPerm extractEntry src/query.h
79 silly gunzTarPerm extractEntry src/connection.h
80 silly gunzTarPerm extractEntry src/result.cc
81 silly gunzTarPerm extractEntry src/mysql.h
82 silly gunzTarPerm extractEntry doc/api.html
83 silly gunzTarPerm extractEntry doc/changelog.html
84 silly gunzTarPerm extractEntry doc/index.html
85 silly gunzTarPerm extractEntry lib/node-db/binding.h
86 silly gunzTarPerm extractEntry lib/node-db/events.h
87 silly gunzTarPerm extractEntry lib/node-db/exception.cc
88 silly gunzTarPerm extractEntry lib/node-db/README.md
89 silly gunzTarPerm extractEntry lib/node-db/tests.js
90 silly gunzTarPerm extractEntry lib/node-db/result.h
91 silly gunzTarPerm extractEntry lib/node-db/exception.h
92 silly gunzTarPerm extractEntry lib/node-db/events.cc
93 silly gunzTarPerm extractEntry lib/node-db/query.cc
94 silly gunzTarPerm extractEntry lib/node-db/binding.cc
95 silly gunzTarPerm extractEntry lib/node-db/connection.cc
96 silly gunzTarPerm extractEntry lib/node-db/query.h
97 silly gunzTarPerm extractEntry lib/node-db/connection.h
98 silly gunzTarPerm extractEntry lib/node-db/node_defs.h
99 silly gunzTarPerm extractEntry lib/node-db/result.cc
100 verbose read json /var/folders/zb/sv6gzxwd7sj4z5jgjdswgrnr0000gn/T/npm-13613/1364061514391-0.5321751530282199/package/package.json
101 silly lockFile 5a8221d7-14391-0-5321751530282199-package /var/folders/zb/sv6gzxwd7sj4z5jgjdswgrnr0000gn/T/npm-13613/1364061514391-0.5321751530282199/package
102 silly lockFile 5a8221d7-14391-0-5321751530282199-package /var/folders/zb/sv6gzxwd7sj4z5jgjdswgrnr0000gn/T/npm-13613/1364061514391-0.5321751530282199/package
103 silly lockFile 381793db-14391-0-5321751530282199-tmp-tgz /var/folders/zb/sv6gzxwd7sj4z5jgjdswgrnr0000gn/T/npm-13613/1364061514391-0.5321751530282199/tmp.tgz
104 silly lockFile 381793db-14391-0-5321751530282199-tmp-tgz /var/folders/zb/sv6gzxwd7sj4z5jgjdswgrnr0000gn/T/npm-13613/1364061514391-0.5321751530282199/tmp.tgz
105 verbose from cache /var/folders/zb/sv6gzxwd7sj4z5jgjdswgrnr0000gn/T/npm-13613/1364061514391-0.5321751530282199/package/package.json
106 verbose tar pack [ '/Users/appleo/.npm/db-mysql/0.7.6/package.tgz',
106 verbose tar pack   '/var/folders/zb/sv6gzxwd7sj4z5jgjdswgrnr0000gn/T/npm-13613/1364061514391-0.5321751530282199/package' ]
107 verbose tarball /Users/appleo/.npm/db-mysql/0.7.6/package.tgz
108 verbose folder /var/folders/zb/sv6gzxwd7sj4z5jgjdswgrnr0000gn/T/npm-13613/1364061514391-0.5321751530282199/package
109 silly lockFile 5a8221d7-14391-0-5321751530282199-package /var/folders/zb/sv6gzxwd7sj4z5jgjdswgrnr0000gn/T/npm-13613/1364061514391-0.5321751530282199/package
110 verbose lock /var/folders/zb/sv6gzxwd7sj4z5jgjdswgrnr0000gn/T/npm-13613/1364061514391-0.5321751530282199/package /Users/appleo/.npm/5a8221d7-14391-0-5321751530282199-package.lock
111 silly lockFile 9201ee4d-o-npm-db-mysql-0-7-6-package-tgz /Users/appleo/.npm/db-mysql/0.7.6/package.tgz
112 verbose lock /Users/appleo/.npm/db-mysql/0.7.6/package.tgz /Users/appleo/.npm/9201ee4d-o-npm-db-mysql-0-7-6-package-tgz.lock
113 silly lockFile 5a8221d7-14391-0-5321751530282199-package /var/folders/zb/sv6gzxwd7sj4z5jgjdswgrnr0000gn/T/npm-13613/1364061514391-0.5321751530282199/package
114 silly lockFile 5a8221d7-14391-0-5321751530282199-package /var/folders/zb/sv6gzxwd7sj4z5jgjdswgrnr0000gn/T/npm-13613/1364061514391-0.5321751530282199/package
115 silly lockFile 9201ee4d-o-npm-db-mysql-0-7-6-package-tgz /Users/appleo/.npm/db-mysql/0.7.6/package.tgz
116 silly lockFile 9201ee4d-o-npm-db-mysql-0-7-6-package-tgz /Users/appleo/.npm/db-mysql/0.7.6/package.tgz
117 silly lockFile c3ea9f1c-ppleo-npm-db-mysql-0-7-6-package /Users/appleo/.npm/db-mysql/0.7.6/package
118 verbose lock /Users/appleo/.npm/db-mysql/0.7.6/package /Users/appleo/.npm/c3ea9f1c-ppleo-npm-db-mysql-0-7-6-package.lock
119 silly lockFile c3ea9f1c-ppleo-npm-db-mysql-0-7-6-package /Users/appleo/.npm/db-mysql/0.7.6/package
120 silly lockFile c3ea9f1c-ppleo-npm-db-mysql-0-7-6-package /Users/appleo/.npm/db-mysql/0.7.6/package
121 verbose tar unpack /Users/appleo/.npm/db-mysql/0.7.6/package.tgz
122 silly lockFile c3ea9f1c-ppleo-npm-db-mysql-0-7-6-package /Users/appleo/.npm/db-mysql/0.7.6/package
123 verbose lock /Users/appleo/.npm/db-mysql/0.7.6/package /Users/appleo/.npm/c3ea9f1c-ppleo-npm-db-mysql-0-7-6-package.lock
124 silly lockFile 9201ee4d-o-npm-db-mysql-0-7-6-package-tgz /Users/appleo/.npm/db-mysql/0.7.6/package.tgz
125 verbose lock /Users/appleo/.npm/db-mysql/0.7.6/package.tgz /Users/appleo/.npm/9201ee4d-o-npm-db-mysql-0-7-6-package-tgz.lock
126 silly gunzTarPerm modes [ '755', '644' ]
127 silly gunzTarPerm extractEntry package.json
128 silly gunzTarPerm extractEntry .npmignore
129 silly gunzTarPerm extractEntry README.md
130 silly gunzTarPerm extractEntry mysql-test-manual-query.js
131 silly gunzTarPerm extractEntry mysql-test-no-connection.js
132 silly gunzTarPerm extractEntry mysql-test-long-number.js
133 silly gunzTarPerm extractEntry mysql-test-sync-update.js
134 silly gunzTarPerm extractEntry mysql-test-sync.js
135 silly gunzTarPerm extractEntry mysql-test.js
136 silly gunzTarPerm extractEntry mysql-test-long.js
137 silly gunzTarPerm extractEntry mysql-test-insert.js
138 silly gunzTarPerm extractEntry t.js
139 silly gunzTarPerm extractEntry mysql-test-async.js
140 silly gunzTarPerm extractEntry tests-db.js
141 silly gunzTarPerm extractEntry db-mysql.js
142 silly gunzTarPerm extractEntry mysql-test-placeholder.js
143 silly gunzTarPerm extractEntry tests.js
144 silly gunzTarPerm extractEntry lib/node-db/README.md
145 silly gunzTarPerm extractEntry lib/node-db/tests.js
146 silly gunzTarPerm extractEntry lib/node-db/connection.cc
147 silly gunzTarPerm extractEntry lib/node-db/connection.h
148 silly gunzTarPerm extractEntry lib/node-db/events.cc
149 silly gunzTarPerm extractEntry lib/node-db/events.h
150 silly gunzTarPerm extractEntry lib/node-db/exception.cc
151 silly gunzTarPerm extractEntry lib/node-db/binding.h
152 silly gunzTarPerm extractEntry lib/node-db/node_defs.h
153 silly gunzTarPerm extractEntry lib/node-db/query.cc
154 silly gunzTarPerm extractEntry lib/node-db/query.h
155 silly gunzTarPerm extractEntry lib/node-db/binding.cc
156 silly gunzTarPerm extractEntry lib/node-db/result.cc
157 silly gunzTarPerm extractEntry lib/node-db/result.h
158 silly gunzTarPerm extractEntry lib/node-db/exception.h
159 silly gunzTarPerm extractEntry src/connection.cc
160 silly gunzTarPerm extractEntry src/connection.h
161 silly gunzTarPerm extractEntry src/mysql.cc
162 silly gunzTarPerm extractEntry src/mysql.h
163 silly gunzTarPerm extractEntry src/mysql_bindings.cc
164 silly gunzTarPerm extractEntry src/query.cc
165 silly gunzTarPerm extractEntry src/query.h
166 silly gunzTarPerm extractEntry src/result.cc
167 silly gunzTarPerm extractEntry src/result.h
168 silly gunzTarPerm extractEntry CHANGELOG
169 silly gunzTarPerm extractEntry .gitmodules
170 silly gunzTarPerm extractEntry tests-settings.json
171 silly gunzTarPerm extractEntry doc/api.html
172 silly gunzTarPerm extractEntry doc/changelog.html
173 silly gunzTarPerm extractEntry doc/index.html
174 silly gunzTarPerm extractEntry wscript
175 verbose read json /Users/appleo/.npm/db-mysql/0.7.6/package/package.json
176 silly lockFile c3ea9f1c-ppleo-npm-db-mysql-0-7-6-package /Users/appleo/.npm/db-mysql/0.7.6/package
177 silly lockFile c3ea9f1c-ppleo-npm-db-mysql-0-7-6-package /Users/appleo/.npm/db-mysql/0.7.6/package
178 silly lockFile 9201ee4d-o-npm-db-mysql-0-7-6-package-tgz /Users/appleo/.npm/db-mysql/0.7.6/package.tgz
179 silly lockFile 9201ee4d-o-npm-db-mysql-0-7-6-package-tgz /Users/appleo/.npm/db-mysql/0.7.6/package.tgz
180 silly shasum updated bytes 39479
181 info shasum 1f594337daffe90d4bca11135cbd83005f620757
181 info shasum /Users/appleo/.npm/db-mysql/0.7.6/package.tgz
182 verbose from cache /Users/appleo/.npm/db-mysql/0.7.6/package/package.json
183 verbose chmod /Users/appleo/.npm/db-mysql/0.7.6/package.tgz 644
184 verbose chown /Users/appleo/.npm/db-mysql/0.7.6/package.tgz [ 501, 20 ]
185 silly lockFile 46882c37--org-db-mysql-db-mysql-0-7-6-tgz https://registry.npmjs.org/db-mysql/-/db-mysql-0.7.6.tgz
186 silly lockFile 46882c37--org-db-mysql-db-mysql-0-7-6-tgz https://registry.npmjs.org/db-mysql/-/db-mysql-0.7.6.tgz
187 silly lockFile f70b617c-db-mysql-0-7-6 db-mysql@0.7.6
188 silly lockFile f70b617c-db-mysql-0-7-6 db-mysql@0.7.6
189 silly lockFile a4731413-db-mysql db-mysql@
190 silly lockFile a4731413-db-mysql db-mysql@
191 silly resolved [ { name: 'db-mysql',
191 silly resolved     description: 'MySQL database bindings for Node.JS',
191 silly resolved     keywords:
191 silly resolved      [ 'database',
191 silly resolved        'db',
191 silly resolved        'native',
191 silly resolved        'binding',
191 silly resolved        'library',
191 silly resolved        'plugin',
191 silly resolved        'client',
191 silly resolved        'mysql',
191 silly resolved        'libmysql' ],
191 silly resolved     homepage: 'http://nodejsdb.org/db-mysql',
191 silly resolved     version: '0.7.6',
191 silly resolved     engines: { node: '>=0.4.1' },
191 silly resolved     maintainers: [ [Object] ],
191 silly resolved     bugs: { url: 'http://github.com/mariano/node-db-mysql/issues' },
191 silly resolved     licenses: [ [Object] ],
191 silly resolved     repositories: [ [Object] ],
191 silly resolved     main: './db-mysql',
191 silly resolved     scripts:
191 silly resolved      { install: 'node-waf configure build',
191 silly resolved        preuninstall: 'rm -rf build/*',
191 silly resolved        test: 'node-waf test',
191 silly resolved        doc: 'node-waf doc' },
191 silly resolved     devDependencies: { nodeunit: '*', nodelint: '*' },
191 silly resolved     readme: '# db-mysql: MySQL database bindings for Node.js #\n\nFor detailed information about this and other Node.js\ndatabase bindings visit the [Node.js db-mysql homepage] [homepage].\n\n## INSTALL ##\n\nBefore proceeding with installation, you need to have the libmysql\ndevelopment libraries and include files. Access to the mysql_config \nbinary is mandatory, and its path has to be specified prior to \ninstallation (if its not within the system\'s path). For example, if \nthe path to your mysql_config is /usr/local/bin/mysql_config make \nsure to do the following (Ubuntu users need to install the \nlibmysqlclient-dev package):\n\n```bash\n$ export MYSQL_CONFIG=/usr/local/bin/mysql_config\n```\n\nOnce you are sure that either mysql_config is part of the path or that\nyou specified the MYSQL_CONFIG environment var, install with npm:\n\n```bash\n$ npm install db-mysql\n```\n\n## QUICK START ##\n\n```javascript\nvar mysql = require(\'db-mysql\');\nnew mysql.Database({\n    hostname: \'localhost\',\n    user: \'root\',\n    password: \'password\',\n    database: \'node\'\n}).connect(function(error) {\n    if (error) {\n        return console.log("CONNECTION ERROR: " + error);\n    }\n\n    this.query().select(\'*\').from(\'users\').execute(function(error, rows) {\n        if (error) {\n            return console.log(\'ERROR: \' + error);\n        }\n        console.log(rows.length + \' ROWS\');\n    });\n});\n```\n\n## LICENSE ##\n\nThis module is released under the [MIT License] [license].\n\n[homepage]: http://nodejsdb.org/db-mysql\n[license]: http://www.opensource.org/licenses/mit-license.php\n',
191 silly resolved     readmeFilename: 'README.md',
191 silly resolved     _id: 'db-mysql@0.7.6',
191 silly resolved     dist: { shasum: '1f594337daffe90d4bca11135cbd83005f620757' },
191 silly resolved     _from: 'db-mysql@',
191 silly resolved     _resolved: 'https://registry.npmjs.org/db-mysql/-/db-mysql-0.7.6.tgz' } ]
192 info install db-mysql@0.7.6 into /Users/appleo/Documents/web/book
193 info installOne db-mysql@0.7.6
194 verbose from cache /Users/appleo/.npm/db-mysql/0.7.6/package/package.json
195 info /Users/appleo/Documents/web/book/node_modules/db-mysql unbuild
196 verbose read json /Users/appleo/Documents/web/book/node_modules/db-mysql/package.json
197 verbose tar unpack /Users/appleo/.npm/db-mysql/0.7.6/package.tgz
198 silly lockFile d45a1877-s-web-book-node-modules-db-mysql /Users/appleo/Documents/web/book/node_modules/db-mysql
199 verbose lock /Users/appleo/Documents/web/book/node_modules/db-mysql /Users/appleo/.npm/d45a1877-s-web-book-node-modules-db-mysql.lock
200 silly lockFile 9201ee4d-o-npm-db-mysql-0-7-6-package-tgz /Users/appleo/.npm/db-mysql/0.7.6/package.tgz
201 verbose lock /Users/appleo/.npm/db-mysql/0.7.6/package.tgz /Users/appleo/.npm/9201ee4d-o-npm-db-mysql-0-7-6-package-tgz.lock
202 silly gunzTarPerm modes [ '755', '644' ]
203 silly gunzTarPerm extractEntry package.json
204 silly gunzTarPerm extractEntry .npmignore
205 silly gunzTarPerm extractEntry README.md
206 silly gunzTarPerm extractEntry mysql-test-manual-query.js
207 silly gunzTarPerm extractEntry mysql-test-no-connection.js
208 silly gunzTarPerm extractEntry mysql-test-long-number.js
209 silly gunzTarPerm extractEntry mysql-test-sync-update.js
210 silly gunzTarPerm extractEntry mysql-test-sync.js
211 silly gunzTarPerm extractEntry mysql-test.js
212 silly gunzTarPerm extractEntry mysql-test-long.js
213 silly gunzTarPerm extractEntry mysql-test-insert.js
214 silly gunzTarPerm extractEntry t.js
215 silly gunzTarPerm extractEntry mysql-test-async.js
216 silly gunzTarPerm extractEntry tests-db.js
217 silly gunzTarPerm extractEntry db-mysql.js
218 silly gunzTarPerm extractEntry mysql-test-placeholder.js
219 silly gunzTarPerm extractEntry tests.js
220 silly gunzTarPerm extractEntry lib/node-db/README.md
221 silly gunzTarPerm extractEntry lib/node-db/tests.js
222 silly gunzTarPerm extractEntry lib/node-db/connection.cc
223 silly gunzTarPerm extractEntry lib/node-db/connection.h
224 silly gunzTarPerm extractEntry lib/node-db/events.cc
225 silly gunzTarPerm extractEntry lib/node-db/events.h
226 silly gunzTarPerm extractEntry lib/node-db/exception.cc
227 silly gunzTarPerm extractEntry lib/node-db/binding.h
228 silly gunzTarPerm extractEntry lib/node-db/node_defs.h
229 silly gunzTarPerm extractEntry lib/node-db/query.cc
230 silly gunzTarPerm extractEntry lib/node-db/query.h
231 silly gunzTarPerm extractEntry lib/node-db/binding.cc
232 silly gunzTarPerm extractEntry lib/node-db/result.cc
233 silly gunzTarPerm extractEntry lib/node-db/result.h
234 silly gunzTarPerm extractEntry lib/node-db/exception.h
235 silly gunzTarPerm extractEntry src/connection.cc
236 silly gunzTarPerm extractEntry src/connection.h
237 silly gunzTarPerm extractEntry src/mysql.cc
238 silly gunzTarPerm extractEntry src/mysql.h
239 silly gunzTarPerm extractEntry src/mysql_bindings.cc
240 silly gunzTarPerm extractEntry src/query.cc
241 silly gunzTarPerm extractEntry src/query.h
242 silly gunzTarPerm extractEntry src/result.cc
243 silly gunzTarPerm extractEntry src/result.h
244 silly gunzTarPerm extractEntry CHANGELOG
245 silly gunzTarPerm extractEntry .gitmodules
246 silly gunzTarPerm extractEntry tests-settings.json
247 silly gunzTarPerm extractEntry doc/api.html
248 silly gunzTarPerm extractEntry doc/changelog.html
249 silly gunzTarPerm extractEntry doc/index.html
250 silly gunzTarPerm extractEntry wscript
251 verbose read json /Users/appleo/Documents/web/book/node_modules/db-mysql/package.json
252 silly lockFile d45a1877-s-web-book-node-modules-db-mysql /Users/appleo/Documents/web/book/node_modules/db-mysql
253 silly lockFile d45a1877-s-web-book-node-modules-db-mysql /Users/appleo/Documents/web/book/node_modules/db-mysql
254 silly lockFile 9201ee4d-o-npm-db-mysql-0-7-6-package-tgz /Users/appleo/.npm/db-mysql/0.7.6/package.tgz
255 silly lockFile 9201ee4d-o-npm-db-mysql-0-7-6-package-tgz /Users/appleo/.npm/db-mysql/0.7.6/package.tgz
256 info preinstall db-mysql@0.7.6
257 verbose from cache /Users/appleo/Documents/web/book/node_modules/db-mysql/package.json
258 verbose readDependencies using package.json deps
259 verbose from cache /Users/appleo/Documents/web/book/node_modules/db-mysql/package.json
260 verbose readDependencies using package.json deps
261 silly resolved []
262 verbose about to build /Users/appleo/Documents/web/book/node_modules/db-mysql
263 info build /Users/appleo/Documents/web/book/node_modules/db-mysql
264 verbose from cache /Users/appleo/Documents/web/book/node_modules/db-mysql/package.json
265 verbose linkStuff [ false,
265 verbose linkStuff   false,
265 verbose linkStuff   false,
265 verbose linkStuff   '/Users/appleo/Documents/web/book/node_modules' ]
266 info linkStuff db-mysql@0.7.6
267 verbose linkBins db-mysql@0.7.6
268 verbose linkMans db-mysql@0.7.6
269 verbose rebuildBundles db-mysql@0.7.6
270 info install db-mysql@0.7.6
271 verbose unsafe-perm in lifecycle true
272 silly exec sh "-c" "node-waf configure build"
273 silly sh,-c,node-waf configure build,/Users/appleo/Documents/web/book/node_modules/db-mysql spawning
274 info db-mysql@0.7.6 Failed to exec install script
275 info /Users/appleo/Documents/web/book/node_modules/db-mysql unbuild
276 verbose from cache /Users/appleo/Documents/web/book/node_modules/db-mysql/package.json
277 info preuninstall db-mysql@0.7.6
278 verbose unsafe-perm in lifecycle true
279 silly exec sh "-c" "rm -rf build/*"
280 silly sh,-c,rm -rf build/*,/Users/appleo/Documents/web/book/node_modules/db-mysql spawning
281 info uninstall db-mysql@0.7.6
282 verbose true,/Users/appleo/Documents/web/book/node_modules,/Users/appleo/Documents/web/book/node_modules unbuild db-mysql@0.7.6
283 info postuninstall db-mysql@0.7.6
284 error db-mysql@0.7.6 install: `node-waf configure build`
284 error `sh "-c" "node-waf configure build"` failed with 1
285 error Failed at the db-mysql@0.7.6 install script.
285 error This is most likely a problem with the db-mysql package,
285 error not with npm itself.
285 error Tell the author that this fails on your system:
285 error     node-waf configure build
285 error You can get their info via:
285 error     npm owner ls db-mysql
285 error There is likely additional logging output above.
286 error System Darwin 12.2.1
287 error command "node" "/usr/local/bin/npm" "install" "db-mysql"
288 error cwd /Users/appleo/Documents/web/book
289 error node -v v0.8.21
290 error npm -v 1.2.11
291 error code ELIFECYCLE
292 verbose exit [ 1, true ]
